SF:lib/core/exceptions.dart
DA:4,1
DA:5,1
LF:2
LH:2
end_of_record
SF:lib/core/http_client/http_client.dart
DA:9,1
LF:1
LH:1
end_of_record
SF:lib/modules/advice/data/advice_slip_remote_data_source_impl.dart
DA:11,1
DA:14,1
DA:15,3
DA:17,2
DA:18,4
DA:20,1
LF:6
LH:6
end_of_record
SF:lib/modules/advice/domain/entities/advice_slip_entity.dart
DA:7,5
DA:9,2
DA:10,2
DA:11,2
DA:12,2
DA:15,2
DA:16,6
LF:7
LH:7
end_of_record
SF:lib/core/failures.dart
DA:8,3
DA:10,1
DA:11,2
LF:3
LH:3
end_of_record
SF:lib/modules/advice/data/advice_slip_repository_impl.dart
DA:11,1
DA:14,1
DA:16,3
DA:18,1
DA:19,1
DA:20,2
LF:6
LH:6
end_of_record
SF:lib/core/ui_state.dart
DA:10,1
DA:11,1
DA:17,1
DA:19,1
DA:20,2
DA:21,1
DA:22,2
DA:28,1
DA:29,3
DA:35,1
DA:37,1
DA:38,2
LF:12
LH:12
end_of_record
SF:lib/modules/advice/domain/usecases/get_random_advice_slip.dart
DA:10,1
DA:12,1
DA:14,2
LF:3
LH:3
end_of_record
SF:lib/modules/advice/presentation/store/advice_slip_store.dart
DA:13,1
DA:19,1
DA:20,2
DA:22,4
DA:24,1
DA:25,3
DA:26,3
LF:7
LH:7
end_of_record
SF:lib/modules/advice/presentation/store/advice_slip_store.g.dart
DA:12,1
DA:13,2
DA:15,1
DA:17,2
DA:18,1
DA:21,1
DA:23,4
DA:24,1
DA:28,1
DA:29,2
DA:31,1
DA:33,1
DA:34,3
DA:37,0
DA:40,0
DA:41,0
LF:16
LH:13
end_of_record
